[2026-06-17T11:14:45.333+0530][gc] Using G1
[2026-06-17T11:14:45.354+0530][gc,init] Version: 17.0.19+10-1-24.04.2-Ubuntu (release)
[2026-06-17T11:14:45.354+0530][gc,init] CPUs: 16 total, 12 available
[2026-06-17T11:14:45.354+0530][gc,init] Memory: 7275M
[2026-06-17T11:14:45.354+0530][gc,init] Large Page Support: Disabled
[2026-06-17T11:14:45.354+0530][gc,init] NUMA Support: Disabled
[2026-06-17T11:14:45.354+0530][gc,init] Compressed Oops: Enabled (32-bit)
[2026-06-17T11:14:45.354+0530][gc,init] Heap Region Size: 1M
[2026-06-17T11:14:45.354+0530][gc,init] Heap Min Capacity: 1G
[2026-06-17T11:14:45.354+0530][gc,init] Heap Initial Capacity: 1G
[2026-06-17T11:14:45.354+0530][gc,init] Heap Max Capacity: 1G
[2026-06-17T11:14:45.354+0530][gc,init] Pre-touch: Disabled
[2026-06-17T11:14:45.354+0530][gc,init] Parallel Workers: 10
[2026-06-17T11:14:45.354+0530][gc,init] Concurrent Workers: 3
[2026-06-17T11:14:45.354+0530][gc,init] Concurrent Refinement Workers: 10
[2026-06-17T11:14:45.354+0530][gc,init] Periodic GC: Disabled
[2026-06-17T11:14:45.367+0530][gc,metaspace] CDS archive(s) mapped at: [0x00007decff000000-0x00007decffbc7000-0x00007decffbc7000), size 12349440, SharedBaseAddress: 0x00007decff000000, ArchiveRelocationMode: 1.
[2026-06-17T11:14:45.367+0530][gc,metaspace] Compressed class space mapped at: 0x00007ded00000000-0x00007ded40000000, reserved size: 1073741824
[2026-06-17T11:14:45.367+0530][gc,metaspace] Narrow klass base: 0x00007decff000000, Narrow klass shift: 0, Narrow klass range: 0x100000000
[2026-06-17T11:14:46.761+0530][gc,start    ] GC(0) Pause Young (Normal) (G1 Evacuation Pause)
[2026-06-17T11:14:46.763+0530][gc,task     ] GC(0) Using 10 workers of 10 for evacuation
[2026-06-17T11:14:46.767+0530][gc,phases   ] GC(0)   Pre Evacuate Collection Set: 0.14ms
[2026-06-17T11:14:46.767+0530][gc,phases   ] GC(0)   Merge Heap Roots: 0.11ms
[2026-06-17T11:14:46.767+0530][gc,phases   ] GC(0)   Evacuate Collection Set: 3.59ms
[2026-06-17T11:14:46.767+0530][gc,phases   ] GC(0)   Post Evacuate Collection Set: 0.45ms
[2026-06-17T11:14:46.767+0530][gc,phases   ] GC(0)   Other: 2.16ms
[2026-06-17T11:14:46.767+0530][gc,heap     ] GC(0) Eden regions: 51->0(44)
[2026-06-17T11:14:46.767+0530][gc,heap     ] GC(0) Survivor regions: 0->7(7)
[2026-06-17T11:14:46.767+0530][gc,heap     ] GC(0) Old regions: 0->1
[2026-06-17T11:14:46.767+0530][gc,heap     ] GC(0) Archive regions: 2->2
[2026-06-17T11:14:46.767+0530][gc,heap     ] GC(0) Humongous regions: 0->0
[2026-06-17T11:14:46.767+0530][gc,metaspace] GC(0) Metaspace: 18366K(18624K)->18366K(18624K) NonClass: 16199K(16320K)->16199K(16320K) Class: 2166K(2304K)->2166K(2304K)
[2026-06-17T11:14:46.767+0530][gc          ] GC(0) Pause Young (Normal) (G1 Evacuation Pause) 51M->8M(1024M) 6.565ms
[2026-06-17T11:14:46.767+0530][gc,cpu      ] GC(0) User=0.02s Sys=0.02s Real=0.01s
[2026-06-17T11:14:47.198+0530][gc,start    ] GC(1) Pause Young (Concurrent Start) (Metadata GC Threshold)
[2026-06-17T11:14:47.198+0530][gc,task     ] GC(1) Using 10 workers of 10 for evacuation
[2026-06-17T11:14:47.203+0530][gc,phases   ] GC(1)   Pre Evacuate Collection Set: 0.26ms
[2026-06-17T11:14:47.203+0530][gc,phases   ] GC(1)   Merge Heap Roots: 0.08ms
[2026-06-17T11:14:47.203+0530][gc,phases   ] GC(1)   Evacuate Collection Set: 4.00ms
[2026-06-17T11:14:47.203+0530][gc,phases   ] GC(1)   Post Evacuate Collection Set: 0.48ms
[2026-06-17T11:14:47.203+0530][gc,phases   ] GC(1)   Other: 0.50ms
[2026-06-17T11:14:47.203+0530][gc,heap     ] GC(1) Eden regions: 13->0(49)
[2026-06-17T11:14:47.203+0530][gc,heap     ] GC(1) Survivor regions: 7->2(7)
[2026-06-17T11:14:47.203+0530][gc,heap     ] GC(1) Old regions: 1->8
[2026-06-17T11:14:47.203+0530][gc,heap     ] GC(1) Archive regions: 2->2
[2026-06-17T11:14:47.203+0530][gc,heap     ] GC(1) Humongous regions: 129->129
[2026-06-17T11:14:47.203+0530][gc,metaspace] GC(1) Metaspace: 21262K(21504K)->21262K(21504K) NonClass: 18710K(18816K)->18710K(18816K) Class: 2551K(2688K)->2551K(2688K)
[2026-06-17T11:14:47.204+0530][gc          ] GC(1) Pause Young (Concurrent Start) (Metadata GC Threshold) 149M->138M(1024M) 5.440ms
[2026-06-17T11:14:47.204+0530][gc,cpu      ] GC(1) User=0.03s Sys=0.02s Real=0.01s
[2026-06-17T11:14:47.204+0530][gc          ] GC(2) Concurrent Mark Cycle
[2026-06-17T11:14:47.204+0530][gc,marking  ] GC(2) Concurrent Clear Claimed Marks
[2026-06-17T11:14:47.204+0530][gc,marking  ] GC(2) Concurrent Clear Claimed Marks 0.040ms
[2026-06-17T11:14:47.204+0530][gc,marking  ] GC(2) Concurrent Scan Root Regions
[2026-06-17T11:14:47.206+0530][gc,marking  ] GC(2) Concurrent Scan Root Regions 2.244ms
[2026-06-17T11:14:47.206+0530][gc,marking  ] GC(2) Concurrent Mark
[2026-06-17T11:14:47.206+0530][gc,marking  ] GC(2) Concurrent Mark From Roots
[2026-06-17T11:14:47.206+0530][gc,task     ] GC(2) Using 3 workers of 3 for marking
[2026-06-17T11:14:47.208+0530][gc,marking  ] GC(2) Concurrent Mark From Roots 1.875ms
[2026-06-17T11:14:47.208+0530][gc,marking  ] GC(2) Concurrent Preclean
[2026-06-17T11:14:47.208+0530][gc,marking  ] GC(2) Concurrent Preclean 0.122ms
[2026-06-17T11:14:47.208+0530][gc,start    ] GC(2) Pause Remark
[2026-06-17T11:14:47.210+0530][gc          ] GC(2) Pause Remark 139M->139M(1024M) 1.530ms
[2026-06-17T11:14:47.210+0530][gc,cpu      ] GC(2) User=0.00s Sys=0.00s Real=0.00s
[2026-06-17T11:14:47.210+0530][gc,marking  ] GC(2) Concurrent Mark 3.808ms
[2026-06-17T11:14:47.210+0530][gc,marking  ] GC(2) Concurrent Rebuild Remembered Sets
[2026-06-17T11:14:47.211+0530][gc,marking  ] GC(2) Concurrent Rebuild Remembered Sets 1.572ms
[2026-06-17T11:14:47.212+0530][gc,start    ] GC(2) Pause Cleanup
[2026-06-17T11:14:47.212+0530][gc          ] GC(2) Pause Cleanup 139M->139M(1024M) 0.143ms
[2026-06-17T11:14:47.212+0530][gc,cpu      ] GC(2) User=0.00s Sys=0.00s Real=0.00s
[2026-06-17T11:14:47.212+0530][gc,marking  ] GC(2) Concurrent Cleanup for Next Mark
[2026-06-17T11:14:47.217+0530][gc,marking  ] GC(2) Concurrent Cleanup for Next Mark 5.606ms
[2026-06-17T11:14:47.217+0530][gc          ] GC(2) Concurrent Mark Cycle 13.817ms
[2026-06-17T11:14:47.951+0530][gc,start    ] GC(3) Pause Young (Normal) (G1 Evacuation Pause)
[2026-06-17T11:14:47.952+0530][gc,task     ] GC(3) Using 10 workers of 10 for evacuation
[2026-06-17T11:14:47.956+0530][gc,phases   ] GC(3)   Pre Evacuate Collection Set: 0.15ms
[2026-06-17T11:14:47.956+0530][gc,phases   ] GC(3)   Merge Heap Roots: 0.08ms
[2026-06-17T11:14:47.956+0530][gc,phases   ] GC(3)   Evacuate Collection Set: 3.78ms
[2026-06-17T11:14:47.956+0530][gc,phases   ] GC(3)   Post Evacuate Collection Set: 0.42ms
[2026-06-17T11:14:47.956+0530][gc,phases   ] GC(3)   Other: 0.15ms
[2026-06-17T11:14:47.956+0530][gc,heap     ] GC(3) Eden regions: 49->0(44)
[2026-06-17T11:14:47.956+0530][gc,heap     ] GC(3) Survivor regions: 2->7(7)
[2026-06-17T11:14:47.956+0530][gc,heap     ] GC(3) Old regions: 8->8
[2026-06-17T11:14:47.956+0530][gc,heap     ] GC(3) Archive regions: 2->2
[2026-06-17T11:14:47.956+0530][gc,heap     ] GC(3) Humongous regions: 129->129
[2026-06-17T11:14:47.956+0530][gc,metaspace] GC(3) Metaspace: 32365K(32640K)->32365K(32640K) NonClass: 28784K(28928K)->28784K(28928K) Class: 3580K(3712K)->3580K(3712K)
[2026-06-17T11:14:47.956+0530][gc          ] GC(3) Pause Young (Normal) (G1 Evacuation Pause) 187M->143M(1024M) 4.697ms
[2026-06-17T11:14:47.956+0530][gc,cpu      ] GC(3) User=0.04s Sys=0.01s Real=0.01s
[2026-06-17T11:16:00.053+0530][gc,start    ] GC(4) Pause Young (Concurrent Start) (Metadata GC Threshold)
[2026-06-17T11:16:00.053+0530][gc,task     ] GC(4) Using 10 workers of 10 for evacuation
[2026-06-17T11:16:00.059+0530][gc,phases   ] GC(4)   Pre Evacuate Collection Set: 0.20ms
[2026-06-17T11:16:00.059+0530][gc,phases   ] GC(4)   Merge Heap Roots: 0.09ms
[2026-06-17T11:16:00.059+0530][gc,phases   ] GC(4)   Evacuate Collection Set: 3.95ms
[2026-06-17T11:16:00.059+0530][gc,phases   ] GC(4)   Post Evacuate Collection Set: 0.57ms
[2026-06-17T11:16:00.059+0530][gc,phases   ] GC(4)   Other: 0.30ms
[2026-06-17T11:16:00.059+0530][gc,heap     ] GC(4) Eden regions: 16->0(49)
[2026-06-17T11:16:00.059+0530][gc,heap     ] GC(4) Survivor regions: 7->2(7)
[2026-06-17T11:16:00.059+0530][gc,heap     ] GC(4) Old regions: 8->14
[2026-06-17T11:16:00.059+0530][gc,heap     ] GC(4) Archive regions: 2->2
[2026-06-17T11:16:00.059+0530][gc,heap     ] GC(4) Humongous regions: 129->129
[2026-06-17T11:16:00.059+0530][gc,metaspace] GC(4) Metaspace: 35634K(35968K)->35634K(35968K) NonClass: 31515K(31680K)->31515K(31680K) Class: 4119K(4288K)->4119K(4288K)
[2026-06-17T11:16:00.059+0530][gc          ] GC(4) Pause Young (Concurrent Start) (Metadata GC Threshold) 159M->144M(1024M) 5.262ms
[2026-06-17T11:16:00.059+0530][gc,cpu      ] GC(4) User=0.04s Sys=0.01s Real=0.00s
[2026-06-17T11:16:00.059+0530][gc          ] GC(5) Concurrent Mark Cycle
[2026-06-17T11:16:00.059+0530][gc,marking  ] GC(5) Concurrent Clear Claimed Marks
[2026-06-17T11:16:00.059+0530][gc,marking  ] GC(5) Concurrent Clear Claimed Marks 0.033ms
[2026-06-17T11:16:00.059+0530][gc,marking  ] GC(5) Concurrent Scan Root Regions
[2026-06-17T11:16:00.061+0530][gc,marking  ] GC(5) Concurrent Scan Root Regions 2.353ms
[2026-06-17T11:16:00.061+0530][gc,marking  ] GC(5) Concurrent Mark
[2026-06-17T11:16:00.061+0530][gc,marking  ] GC(5) Concurrent Mark From Roots
[2026-06-17T11:16:00.061+0530][gc,task     ] GC(5) Using 3 workers of 3 for marking
[2026-06-17T11:16:00.066+0530][gc,marking  ] GC(5) Concurrent Mark From Roots 4.839ms
[2026-06-17T11:16:00.066+0530][gc,marking  ] GC(5) Concurrent Preclean
[2026-06-17T11:16:00.066+0530][gc,marking  ] GC(5) Concurrent Preclean 0.167ms
[2026-06-17T11:16:00.066+0530][gc,start    ] GC(5) Pause Remark
[2026-06-17T11:16:00.068+0530][gc          ] GC(5) Pause Remark 144M->144M(1024M) 1.739ms
[2026-06-17T11:16:00.068+0530][gc,cpu      ] GC(5) User=0.01s Sys=0.00s Real=0.00s
[2026-06-17T11:16:00.068+0530][gc,marking  ] GC(5) Concurrent Mark 7.000ms
[2026-06-17T11:16:00.068+0530][gc,marking  ] GC(5) Concurrent Rebuild Remembered Sets
[2026-06-17T11:16:00.072+0530][gc,marking  ] GC(5) Concurrent Rebuild Remembered Sets 3.592ms
[2026-06-17T11:16:00.072+0530][gc,start    ] GC(5) Pause Cleanup
[2026-06-17T11:16:00.072+0530][gc          ] GC(5) Pause Cleanup 145M->145M(1024M) 0.163ms
[2026-06-17T11:16:00.072+0530][gc,cpu      ] GC(5) User=0.00s Sys=0.00s Real=0.00s
[2026-06-17T11:16:00.072+0530][gc,marking  ] GC(5) Concurrent Cleanup for Next Mark
[2026-06-17T11:16:00.079+0530][gc,marking  ] GC(5) Concurrent Cleanup for Next Mark 6.255ms
[2026-06-17T11:16:00.079+0530][gc          ] GC(5) Concurrent Mark Cycle 19.836ms
[2026-06-17T11:43:55.214+0530][gc,start    ] GC(6) Pause Young (Normal) (G1 Evacuation Pause)
[2026-06-17T11:43:55.216+0530][gc,task     ] GC(6) Using 10 workers of 10 for evacuation
[2026-06-17T11:43:55.253+0530][gc,mmu      ] GC(6) MMU target violated: 21.0ms (20.0ms/21.0ms)
[2026-06-17T11:43:55.253+0530][gc,phases   ] GC(6)   Pre Evacuate Collection Set: 7.94ms
[2026-06-17T11:43:55.253+0530][gc,phases   ] GC(6)   Merge Heap Roots: 1.96ms
[2026-06-17T11:43:55.253+0530][gc,phases   ] GC(6)   Evacuate Collection Set: 20.71ms
[2026-06-17T11:43:55.253+0530][gc,phases   ] GC(6)   Post Evacuate Collection Set: 5.58ms
[2026-06-17T11:43:55.253+0530][gc,phases   ] GC(6)   Other: 4.64ms
[2026-06-17T11:43:55.254+0530][gc,heap     ] GC(6) Eden regions: 49->0(48)
[2026-06-17T11:43:55.254+0530][gc,heap     ] GC(6) Survivor regions: 2->3(7)
[2026-06-17T11:43:55.254+0530][gc,heap     ] GC(6) Old regions: 14->14
[2026-06-17T11:43:55.254+0530][gc,heap     ] GC(6) Archive regions: 2->2
[2026-06-17T11:43:55.254+0530][gc,heap     ] GC(6) Humongous regions: 129->129
[2026-06-17T11:43:55.254+0530][gc,metaspace] GC(6) Metaspace: 39468K(39872K)->39468K(39872K) NonClass: 34909K(35136K)->34909K(35136K) Class: 4558K(4736K)->4558K(4736K)
[2026-06-17T11:43:55.254+0530][gc          ] GC(6) Pause Young (Normal) (G1 Evacuation Pause) 193M->145M(1024M) 40.097ms
[2026-06-17T11:43:55.254+0530][gc,cpu      ] GC(6) User=0.02s Sys=0.07s Real=0.04s
[2026-06-17T12:15:07.122+0530][gc,start    ] GC(7) Pause Young (Normal) (G1 Evacuation Pause)
[2026-06-17T12:15:07.122+0530][gc,task     ] GC(7) Using 10 workers of 10 for evacuation
[2026-06-17T12:15:07.127+0530][gc,phases   ] GC(7)   Pre Evacuate Collection Set: 0.21ms
[2026-06-17T12:15:07.127+0530][gc,phases   ] GC(7)   Merge Heap Roots: 0.12ms
[2026-06-17T12:15:07.127+0530][gc,phases   ] GC(7)   Evacuate Collection Set: 3.18ms
[2026-06-17T12:15:07.127+0530][gc,phases   ] GC(7)   Post Evacuate Collection Set: 0.85ms
[2026-06-17T12:15:07.127+0530][gc,phases   ] GC(7)   Other: 0.42ms
[2026-06-17T12:15:07.127+0530][gc,heap     ] GC(7) Eden regions: 48->0(48)
[2026-06-17T12:15:07.127+0530][gc,heap     ] GC(7) Survivor regions: 3->3(7)
[2026-06-17T12:15:07.127+0530][gc,heap     ] GC(7) Old regions: 14->14
[2026-06-17T12:15:07.127+0530][gc,heap     ] GC(7) Archive regions: 2->2
[2026-06-17T12:15:07.127+0530][gc,heap     ] GC(7) Humongous regions: 129->129
[2026-06-17T12:15:07.127+0530][gc,metaspace] GC(7) Metaspace: 39749K(40192K)->39749K(40192K) NonClass: 35167K(35456K)->35167K(35456K) Class: 4581K(4736K)->4581K(4736K)
[2026-06-17T12:15:07.127+0530][gc          ] GC(7) Pause Young (Normal) (G1 Evacuation Pause) 193M->145M(1024M) 4.899ms
[2026-06-17T12:15:07.127+0530][gc,cpu      ] GC(7) User=0.02s Sys=0.01s Real=0.00s
