[2026-06-11 19:09:14,748] INFO [GroupCoordinator 0]: Dynamic member with unknown member id joins group console-consumer-69921 in Empty state. Created a new member id console-consumer-9eebb171-a8b7-42e4-b8c8-460bce834b4b and request the member to rejoin with this id. (kafka.coordinator.group.GroupCoordinator)
[2026-06-11 19:09:14,750] INFO [GroupCoordinator 0]: Preparing to rebalance group console-consumer-69921 in state PreparingRebalance with old generation 0 (__consumer_offsets-48) (reason: Adding new member console-consumer-9eebb171-a8b7-42e4-b8c8-460bce834b4b with group instance id None; client reason: rebalance failed due to MemberIdRequiredException) (kafka.coordinator.group.GroupCoordinator)
[2026-06-11 19:09:14,751] INFO [GroupCoordinator 0]: Stabilized group console-consumer-69921 generation 1 (__consumer_offsets-48) with 1 members (kafka.coordinator.group.GroupCoordinator)
[2026-06-11 19:09:14,763] INFO [GroupCoordinator 0]: Assignment received from leader console-consumer-9eebb171-a8b7-42e4-b8c8-460bce834b4b for group console-consumer-69921 for generation 1. The group has 1 members, 0 of which are static. (kafka.coordinator.group.GroupCoordinator)
[2026-06-11 19:40:07,438] INFO Terminating process due to signal SIGHUP (org.apache.kafka.common.utils.LoggingSignalHandler)
[2026-06-11 19:40:07,442] INFO [KafkaServer id=0] shutting down (kafka.server.KafkaServer)
[2026-06-11 19:40:07,444] INFO [KafkaServer id=0] Starting controlled shutdown (kafka.server.KafkaServer)
[2026-06-11 19:40:07,456] INFO [KafkaServer id=0] Controlled shutdown request returned successfully after 7ms (kafka.server.KafkaServer)
[2026-06-11 19:40:07,460] INFO [/config/changes-event-process-thread]: Shutting down (kafka.common.ZkNodeChangeNotificationListener$ChangeEventProcessThread)
[2026-06-11 19:40:07,460] INFO [/config/changes-event-process-thread]: Stopped (kafka.common.ZkNodeChangeNotificationListener$ChangeEventProcessThread)
[2026-06-11 19:40:07,460] INFO [/config/changes-event-process-thread]: Shutdown completed (kafka.common.ZkNodeChangeNotificationListener$ChangeEventProcessThread)
[2026-06-11 19:40:07,460] INFO [SocketServer listenerType=ZK_BROKER, nodeId=0] Stopping socket server request processors (kafka.network.SocketServer)
[2026-06-11 19:40:07,466] INFO [SocketServer listenerType=ZK_BROKER, nodeId=0] Stopped socket server request processors (kafka.network.SocketServer)
[2026-06-11 19:40:07,466] INFO [data-plane Kafka Request Handler on Broker 0], shutting down (kafka.server.KafkaRequestHandlerPool)
[2026-06-11 19:40:07,467] INFO [data-plane Kafka Request Handler on Broker 0], shut down completely (kafka.server.KafkaRequestHandlerPool)
[2026-06-11 19:40:07,468] INFO [ExpirationReaper-0-AlterAcls]: Shutting down (kafka.server.DelayedOperationPurgatory$ExpiredOperationReaper)
[2026-06-11 19:40:07,469] INFO [ExpirationReaper-0-AlterAcls]: Stopped (kafka.server.DelayedOperationPurgatory$ExpiredOperationReaper)
[2026-06-11 19:40:07,469] INFO [ExpirationReaper-0-AlterAcls]: Shutdown completed (kafka.server.DelayedOperationPurgatory$ExpiredOperationReaper)
[2026-06-11 19:40:07,469] INFO [KafkaApi-0] Shutdown complete. (kafka.server.KafkaApis)
[2026-06-11 19:40:07,470] INFO [ExpirationReaper-0-topic]: Shutting down (kafka.server.DelayedOperationPurgatory$ExpiredOperationReaper)
[2026-06-11 19:40:07,470] INFO [ExpirationReaper-0-topic]: Stopped (kafka.server.DelayedOperationPurgatory$ExpiredOperationReaper)
[2026-06-11 19:40:07,470] INFO [ExpirationReaper-0-topic]: Shutdown completed (kafka.server.DelayedOperationPurgatory$ExpiredOperationReaper)
[2026-06-11 19:40:07,471] INFO [TransactionCoordinator id=0] Shutting down. (kafka.coordinator.transaction.TransactionCoordinator)
[2026-06-11 19:40:07,471] INFO [Transaction State Manager 0]: Shutdown complete (kafka.coordinator.transaction.TransactionStateManager)
[2026-06-11 19:40:07,471] INFO [TxnMarkerSenderThread-0]: Shutting down (kafka.coordinator.transaction.TransactionMarkerChannelManager)
[2026-06-11 19:40:07,472] INFO [TxnMarkerSenderThread-0]: Stopped (kafka.coordinator.transaction.TransactionMarkerChannelManager)
[2026-06-11 19:40:07,472] INFO [TxnMarkerSenderThread-0]: Shutdown completed (kafka.coordinator.transaction.TransactionMarkerChannelManager)
[2026-06-11 19:40:07,472] INFO [TransactionCoordinator id=0] Shutdown complete. (kafka.coordinator.transaction.TransactionCoordinator)
[2026-06-11 19:40:07,473] INFO [GroupCoordinator 0]: Shutting down. (kafka.coordinator.group.GroupCoordinator)
[2026-06-11 19:40:07,473] INFO [ExpirationReaper-0-Heartbeat]: Shutting down (kafka.server.DelayedOperationPurgatory$ExpiredOperationReaper)
[2026-06-11 19:40:07,473] INFO [ExpirationReaper-0-Heartbeat]: Stopped (kafka.server.DelayedOperationPurgatory$ExpiredOperationReaper)
[2026-06-11 19:40:07,473] INFO [ExpirationReaper-0-Heartbeat]: Shutdown completed (kafka.server.DelayedOperationPurgatory$ExpiredOperationReaper)
[2026-06-11 19:40:07,473] INFO [ExpirationReaper-0-Rebalance]: Shutting down (kafka.server.DelayedOperationPurgatory$ExpiredOperationReaper)
[2026-06-11 19:40:07,473] INFO [ExpirationReaper-0-Rebalance]: Stopped (kafka.server.DelayedOperationPurgatory$ExpiredOperationReaper)
[2026-06-11 19:40:07,473] INFO [ExpirationReaper-0-Rebalance]: Shutdown completed (kafka.server.DelayedOperationPurgatory$ExpiredOperationReaper)
[2026-06-11 19:40:07,474] INFO [GroupCoordinator 0]: Shutdown complete. (kafka.coordinator.group.GroupCoordinator)
[2026-06-11 19:40:07,475] INFO [ReplicaManager broker=0] Shutting down (kafka.server.ReplicaManager)
[2026-06-11 19:40:07,476] INFO [LogDirFailureHandler]: Shutting down (kafka.server.ReplicaManager$LogDirFailureHandler)
[2026-06-11 19:40:07,476] INFO [LogDirFailureHandler]: Stopped (kafka.server.ReplicaManager$LogDirFailureHandler)
[2026-06-11 19:40:07,476] INFO [LogDirFailureHandler]: Shutdown completed (kafka.server.ReplicaManager$LogDirFailureHandler)
[2026-06-11 19:40:07,476] INFO [ReplicaFetcherManager on broker 0] shutting down (kafka.server.ReplicaFetcherManager)
[2026-06-11 19:40:07,477] INFO [ReplicaFetcherManager on broker 0] shutdown completed (kafka.server.ReplicaFetcherManager)
[2026-06-11 19:40:07,477] INFO [ReplicaAlterLogDirsManager on broker 0] shutting down (kafka.server.ReplicaAlterLogDirsManager)
[2026-06-11 19:40:07,477] INFO [ReplicaAlterLogDirsManager on broker 0] shutdown completed (kafka.server.ReplicaAlterLogDirsManager)
[2026-06-11 19:40:07,477] INFO [ExpirationReaper-0-Fetch]: Shutting down (kafka.server.DelayedOperationPurgatory$ExpiredOperationReaper)
[2026-06-11 19:40:07,478] INFO [ExpirationReaper-0-Fetch]: Stopped (kafka.server.DelayedOperationPurgatory$ExpiredOperationReaper)
[2026-06-11 19:40:07,478] INFO [ExpirationReaper-0-Fetch]: Shutdown completed (kafka.server.DelayedOperationPurgatory$ExpiredOperationReaper)
[2026-06-11 19:40:07,478] INFO [ExpirationReaper-0-RemoteFetch]: Shutting down (kafka.server.DelayedOperationPurgatory$ExpiredOperationReaper)
[2026-06-11 19:40:07,478] INFO [ExpirationReaper-0-RemoteFetch]: Stopped (kafka.server.DelayedOperationPurgatory$ExpiredOperationReaper)
[2026-06-11 19:40:07,478] INFO [ExpirationReaper-0-RemoteFetch]: Shutdown completed (kafka.server.DelayedOperationPurgatory$ExpiredOperationReaper)
[2026-06-11 19:40:07,478] INFO [ExpirationReaper-0-Produce]: Shutting down (kafka.server.DelayedOperationPurgatory$ExpiredOperationReaper)
[2026-06-11 19:40:07,479] INFO [ExpirationReaper-0-Produce]: Stopped (kafka.server.DelayedOperationPurgatory$ExpiredOperationReaper)
[2026-06-11 19:40:07,479] INFO [ExpirationReaper-0-Produce]: Shutdown completed (kafka.server.DelayedOperationPurgatory$ExpiredOperationReaper)
[2026-06-11 19:40:07,479] INFO [ExpirationReaper-0-DeleteRecords]: Shutting down (kafka.server.DelayedOperationPurgatory$ExpiredOperationReaper)
[2026-06-11 19:40:07,479] INFO [ExpirationReaper-0-DeleteRecords]: Stopped (kafka.server.DelayedOperationPurgatory$ExpiredOperationReaper)
[2026-06-11 19:40:07,479] INFO [ExpirationReaper-0-DeleteRecords]: Shutdown completed (kafka.server.DelayedOperationPurgatory$ExpiredOperationReaper)
[2026-06-11 19:40:07,479] INFO [ExpirationReaper-0-ElectLeader]: Shutting down (kafka.server.DelayedOperationPurgatory$ExpiredOperationReaper)
[2026-06-11 19:40:07,479] INFO [ExpirationReaper-0-ElectLeader]: Stopped (kafka.server.DelayedOperationPurgatory$ExpiredOperationReaper)
[2026-06-11 19:40:07,479] INFO [ExpirationReaper-0-ElectLeader]: Shutdown completed (kafka.server.DelayedOperationPurgatory$ExpiredOperationReaper)
[2026-06-11 19:40:07,484] INFO [AddPartitionsToTxnSenderThread-0]: Shutting down (kafka.server.AddPartitionsToTxnManager)
[2026-06-11 19:40:07,484] INFO [AddPartitionsToTxnSenderThread-0]: Stopped (kafka.server.AddPartitionsToTxnManager)
[2026-06-11 19:40:07,484] INFO [AddPartitionsToTxnSenderThread-0]: Shutdown completed (kafka.server.AddPartitionsToTxnManager)
[2026-06-11 19:40:07,484] INFO [ReplicaManager broker=0] Shut down completely (kafka.server.ReplicaManager)
[2026-06-11 19:40:07,485] INFO [zk-broker-0-to-controller-alter-partition-channel-manager]: Shutting down (kafka.server.BrokerToControllerRequestThread)
[2026-06-11 19:40:07,485] INFO [zk-broker-0-to-controller-alter-partition-channel-manager]: Stopped (kafka.server.BrokerToControllerRequestThread)
[2026-06-11 19:40:07,485] INFO [zk-broker-0-to-controller-alter-partition-channel-manager]: Shutdown completed (kafka.server.BrokerToControllerRequestThread)
[2026-06-11 19:40:07,486] INFO Broker to controller channel manager for alter-partition shutdown (kafka.server.BrokerToControllerChannelManagerImpl)
[2026-06-11 19:40:07,487] INFO [zk-broker-0-to-controller-forwarding-channel-manager]: Shutting down (kafka.server.BrokerToControllerRequestThread)
[2026-06-11 19:40:07,487] INFO [zk-broker-0-to-controller-forwarding-channel-manager]: Stopped (kafka.server.BrokerToControllerRequestThread)
[2026-06-11 19:40:07,487] INFO [zk-broker-0-to-controller-forwarding-channel-manager]: Shutdown completed (kafka.server.BrokerToControllerRequestThread)
[2026-06-11 19:40:07,487] INFO Broker to controller channel manager for forwarding shutdown (kafka.server.BrokerToControllerChannelManagerImpl)
[2026-06-11 19:40:07,488] INFO Shutting down. (kafka.log.LogManager)
[2026-06-11 19:40:07,489] INFO [kafka-log-cleaner-thread-0]: Shutting down (kafka.log.LogCleaner$CleanerThread)
[2026-06-11 19:40:07,489] INFO [kafka-log-cleaner-thread-0]: Stopped (kafka.log.LogCleaner$CleanerThread)
[2026-06-11 19:40:07,489] INFO [kafka-log-cleaner-thread-0]: Shutdown completed (kafka.log.LogCleaner$CleanerThread)
[2026-06-11 19:40:07,512] INFO [ProducerStateManager partition=__consumer_offsets-37]Wrote producer snapshot at offset 1 with 0 producer ids in 1 ms. (org.apache.kafka.storage.internals.log.ProducerStateManager)
[2026-06-11 19:40:07,516] INFO [ProducerStateManager partition=__consumer_offsets-49]Wrote producer snapshot at offset 3 with 0 producer ids in 1 ms. (org.apache.kafka.storage.internals.log.ProducerStateManager)
[2026-06-11 19:40:07,523] INFO [ProducerStateManager partition=__consumer_offsets-44]Wrote producer snapshot at offset 1 with 0 producer ids in 1 ms. (org.apache.kafka.storage.internals.log.ProducerStateManager)
[2026-06-11 19:40:07,533] INFO [ProducerStateManager partition=__consumer_offsets-48]Wrote producer snapshot at offset 1 with 0 producer ids in 0 ms. (org.apache.kafka.storage.internals.log.ProducerStateManager)
[2026-06-11 19:40:07,535] INFO [ProducerStateManager partition=test-topic-0]Wrote producer snapshot at offset 7 with 2 producer ids in 0 ms. (org.apache.kafka.storage.internals.log.ProducerStateManager)
[2026-06-11 19:40:07,551] INFO Shutdown complete. (kafka.log.LogManager)
[2026-06-11 19:40:07,554] INFO [feature-zk-node-event-process-thread]: Shutting down (kafka.server.FinalizedFeatureChangeListener$ChangeNotificationProcessorThread)
[2026-06-11 19:40:07,554] INFO [feature-zk-node-event-process-thread]: Stopped (kafka.server.FinalizedFeatureChangeListener$ChangeNotificationProcessorThread)
[2026-06-11 19:40:07,554] INFO [feature-zk-node-event-process-thread]: Shutdown completed (kafka.server.FinalizedFeatureChangeListener$ChangeNotificationProcessorThread)
[2026-06-11 19:40:07,555] INFO [ZooKeeperClient Kafka server] Closing. (kafka.zookeeper.ZooKeeperClient)
[2026-06-11 19:40:07,904] INFO Session: 0x100010c4d010000 closed (org.apache.zookeeper.ZooKeeper)
[2026-06-11 19:40:07,904] INFO EventThread shut down for session: 0x100010c4d010000 (org.apache.zookeeper.ClientCnxn)
[2026-06-11 19:40:07,904] INFO [ZooKeeperClient Kafka server] Closed. (kafka.zookeeper.ZooKeeperClient)
[2026-06-11 19:40:07,905] INFO [ThrottledChannelReaper-Fetch]: Shutting down (kafka.server.ClientQuotaManager$ThrottledChannelReaper)
[2026-06-11 19:40:07,906] INFO [ThrottledChannelReaper-Fetch]: Stopped (kafka.server.ClientQuotaManager$ThrottledChannelReaper)
[2026-06-11 19:40:07,906] INFO [ThrottledChannelReaper-Fetch]: Shutdown completed (kafka.server.ClientQuotaManager$ThrottledChannelReaper)
[2026-06-11 19:40:07,906] INFO [ThrottledChannelReaper-Produce]: Shutting down (kafka.server.ClientQuotaManager$ThrottledChannelReaper)
[2026-06-11 19:40:07,907] INFO [ThrottledChannelReaper-Produce]: Stopped (kafka.server.ClientQuotaManager$ThrottledChannelReaper)
[2026-06-11 19:40:07,907] INFO [ThrottledChannelReaper-Produce]: Shutdown completed (kafka.server.ClientQuotaManager$ThrottledChannelReaper)
[2026-06-11 19:40:07,907] INFO [ThrottledChannelReaper-Request]: Shutting down (kafka.server.ClientQuotaManager$ThrottledChannelReaper)
[2026-06-11 19:40:07,907] INFO [ThrottledChannelReaper-Request]: Stopped (kafka.server.ClientQuotaManager$ThrottledChannelReaper)
[2026-06-11 19:40:07,907] INFO [ThrottledChannelReaper-Request]: Shutdown completed (kafka.server.ClientQuotaManager$ThrottledChannelReaper)
[2026-06-11 19:40:07,907] INFO [ThrottledChannelReaper-ControllerMutation]: Shutting down (kafka.server.ClientQuotaManager$ThrottledChannelReaper)
[2026-06-11 19:40:07,907] INFO [ThrottledChannelReaper-ControllerMutation]: Stopped (kafka.server.ClientQuotaManager$ThrottledChannelReaper)
[2026-06-11 19:40:07,907] INFO [ThrottledChannelReaper-ControllerMutation]: Shutdown completed (kafka.server.ClientQuotaManager$ThrottledChannelReaper)
[2026-06-11 19:40:07,908] INFO [SocketServer listenerType=ZK_BROKER, nodeId=0] Shutting down socket server (kafka.network.SocketServer)
[2026-06-11 19:40:07,916] INFO [SocketServer listenerType=ZK_BROKER, nodeId=0] Shutdown completed (kafka.network.SocketServer)
[2026-06-11 19:40:07,916] INFO Metrics scheduler closed (org.apache.kafka.common.metrics.Metrics)
[2026-06-11 19:40:07,916] INFO Closing reporter org.apache.kafka.common.metrics.JmxReporter (org.apache.kafka.common.metrics.Metrics)
[2026-06-11 19:40:07,916] INFO Metrics reporters closed (org.apache.kafka.common.metrics.Metrics)
[2026-06-11 19:40:07,917] INFO Broker and topic stats closed (kafka.server.BrokerTopicStats)
[2026-06-11 19:40:07,917] INFO App info kafka.server for 0 unregistered (org.apache.kafka.common.utils.AppInfoParser)
[2026-06-11 19:40:07,917] INFO [KafkaServer id=0] shut down completed (kafka.server.KafkaServer)
