[W 260616 16:45:08 smartWebSocketV2:318] Attempting to resubscribe/reconnect (Attempt 1)...
[W 260616 16:45:18 smartWebSocketV2:342] Connection closed due to max retry attempts reached.
[W 260616 16:45:18 smartWebSocketV2:342] Connection closed due to max retry attempts reached.
[W 260616 16:45:18 smartWebSocketV2:342] Connection closed due to max retry attempts reached.
[W 260616 16:45:18 smartWebSocketV2:342] Connection closed due to max retry attempts reached.
[W 260616 16:45:18 smartWebSocketV2:342] Connection closed due to max retry attempts reached.
[I 260616 16:45:18 smartConnect:124] in pool
[W 260616 16:45:19 smartWebSocketV2:318] Attempting to resubscribe/reconnect (Attempt 1)...
[W 260616 16:45:30 smartWebSocketV2:342] Connection closed due to max retry attempts reached.
[W 260616 16:45:30 smartWebSocketV2:342] Connection closed due to max retry attempts reached.
[W 260616 16:45:30 smartWebSocketV2:342] Connection closed due to max retry attempts reached.
[W 260616 16:45:30 smartWebSocketV2:342] Connection closed due to max retry attempts reached.
[W 260616 16:45:30 smartWebSocketV2:342] Connection closed due to max retry attempts reached.
[I 260616 16:45:30 smartConnect:124] in pool
[W 260616 16:45:30 smartWebSocketV2:318] Attempting to resubscribe/reconnect (Attempt 1)...
[W 260616 16:45:41 smartWebSocketV2:342] Connection closed due to max retry attempts reached.
[W 260616 16:45:41 smartWebSocketV2:342] Connection closed due to max retry attempts reached.
[W 260616 16:45:41 smartWebSocketV2:342] Connection closed due to max retry attempts reached.
[W 260616 16:45:41 smartWebSocketV2:342] Connection closed due to max retry attempts reached.
[W 260616 16:45:41 smartWebSocketV2:342] Connection closed due to max retry attempts reached.
[I 260616 16:45:41 smartConnect:124] in pool
[W 260616 16:45:42 smartWebSocketV2:318] Attempting to resubscribe/reconnect (Attempt 1)...
[W 260616 16:45:53 smartWebSocketV2:342] Connection closed due to max retry attempts reached.
[W 260616 16:45:53 smartWebSocketV2:342] Connection closed due to max retry attempts reached.
[W 260616 16:45:53 smartWebSocketV2:342] Connection closed due to max retry attempts reached.
[W 260616 16:45:53 smartWebSocketV2:342] Connection closed due to max retry attempts reached.
[W 260616 16:45:53 smartWebSocketV2:342] Connection closed due to max retry attempts reached.
[I 260616 16:45:53 smartConnect:124] in pool
[W 260616 16:45:54 smartWebSocketV2:318] Attempting to resubscribe/reconnect (Attempt 1)...
[W 260616 16:46:04 smartWebSocketV2:342] Connection closed due to max retry attempts reached.
[W 260616 16:46:04 smartWebSocketV2:342] Connection closed due to max retry attempts reached.
[W 260616 16:46:04 smartWebSocketV2:342] Connection closed due to max retry attempts reached.
[W 260616 16:46:04 smartWebSocketV2:342] Connection closed due to max retry attempts reached.
[W 260616 16:46:04 smartWebSocketV2:342] Connection closed due to max retry attempts reached.
[I 260616 16:46:04 smartConnect:124] in pool
[W 260616 16:46:05 smartWebSocketV2:318] Attempting to resubscribe/reconnect (Attempt 1)...
[W 260616 16:46:15 smartWebSocketV2:342] Connection closed due to max retry attempts reached.
[W 260616 16:46:15 smartWebSocketV2:342] Connection closed due to max retry attempts reached.
[W 260616 16:46:15 smartWebSocketV2:342] Connection closed due to max retry attempts reached.
[W 260616 16:46:15 smartWebSocketV2:342] Connection closed due to max retry attempts reached.
[W 260616 16:46:15 smartWebSocketV2:342] Connection closed due to max retry attempts reached.
[I 260616 16:46:15 smartConnect:124] in pool
[W 260616 16:46:16 smartWebSocketV2:318] Attempting to resubscribe/reconnect (Attempt 1)...
[W 260616 16:46:26 smartWebSocketV2:342] Connection closed due to max retry attempts reached.
[W 260616 16:46:26 smartWebSocketV2:342] Connection closed due to max retry attempts reached.
[W 260616 16:46:26 smartWebSocketV2:342] Connection closed due to max retry attempts reached.
[W 260616 16:46:26 smartWebSocketV2:342] Connection closed due to max retry attempts reached.
[W 260616 16:46:26 smartWebSocketV2:342] Connection closed due to max retry attempts reached.
[I 260616 16:46:26 smartConnect:124] in pool
[W 260616 16:46:27 smartWebSocketV2:318] Attempting to resubscribe/reconnect (Attempt 1)...
[W 260616 16:46:37 smartWebSocketV2:342] Connection closed due to max retry attempts reached.
[W 260616 16:46:37 smartWebSocketV2:342] Connection closed due to max retry attempts reached.
[W 260616 16:46:37 smartWebSocketV2:342] Connection closed due to max retry attempts reached.
[W 260616 16:46:37 smartWebSocketV2:342] Connection closed due to max retry attempts reached.
[W 260616 16:46:37 smartWebSocketV2:342] Connection closed due to max retry attempts reached.
[I 260616 16:46:37 smartConnect:124] in pool
[W 260616 16:46:38 smartWebSocketV2:318] Attempting to resubscribe/reconnect (Attempt 1)...
[W 260616 16:46:48 smartWebSocketV2:342] Connection closed due to max retry attempts reached.
[W 260616 16:46:48 smartWebSocketV2:342] Connection closed due to max retry attempts reached.
[W 260616 16:46:48 smartWebSocketV2:342] Connection closed due to max retry attempts reached.
[W 260616 16:46:48 smartWebSocketV2:342] Connection closed due to max retry attempts reached.
[W 260616 16:46:48 smartWebSocketV2:342] Connection closed due to max retry attempts reached.
[I 260616 16:46:48 smartConnect:124] in pool
[W 260616 16:46:49 smartWebSocketV2:318] Attempting to resubscribe/reconnect (Attempt 1)...
[W 260616 16:47:00 smartWebSocketV2:342] Connection closed due to max retry attempts reached.
[W 260616 16:47:00 smartWebSocketV2:342] Connection closed due to max retry attempts reached.
[W 260616 16:47:00 smartWebSocketV2:342] Connection closed due to max retry attempts reached.
[W 260616 16:47:00 smartWebSocketV2:342] Connection closed due to max retry attempts reached.
[W 260616 16:47:00 smartWebSocketV2:342] Connection closed due to max retry attempts reached.
[I 260616 16:47:00 smartConnect:124] in pool
[W 260616 16:47:00 smartWebSocketV2:318] Attempting to resubscribe/reconnect (Attempt 1)...
[W 260616 16:47:11 smartWebSocketV2:342] Connection closed due to max retry attempts reached.
[W 260616 16:47:11 smartWebSocketV2:342] Connection closed due to max retry attempts reached.
[W 260616 16:47:11 smartWebSocketV2:342] Connection closed due to max retry attempts reached.
[W 260616 16:47:11 smartWebSocketV2:342] Connection closed due to max retry attempts reached.
[W 260616 16:47:11 smartWebSocketV2:342] Connection closed due to max retry attempts reached.
[I 260616 16:47:11 smartConnect:124] in pool
[W 260616 16:47:11 smartWebSocketV2:318] Attempting to resubscribe/reconnect (Attempt 1)...
[W 260616 16:47:21 smartWebSocketV2:342] Connection closed due to max retry attempts reached.
[W 260616 16:47:21 smartWebSocketV2:342] Connection closed due to max retry attempts reached.
[W 260616 16:47:21 smartWebSocketV2:342] Connection closed due to max retry attempts reached.
[W 260616 16:47:21 smartWebSocketV2:342] Connection closed due to max retry attempts reached.
[W 260616 16:47:21 smartWebSocketV2:342] Connection closed due to max retry attempts reached.
[I 260616 16:47:22 smartConnect:124] in pool
[W 260616 16:47:22 smartWebSocketV2:318] Attempting to resubscribe/reconnect (Attempt 1)...
[W 260616 16:47:33 smartWebSocketV2:342] Connection closed due to max retry attempts reached.
[W 260616 16:47:33 smartWebSocketV2:342] Connection closed due to max retry attempts reached.
[W 260616 16:47:33 smartWebSocketV2:342] Connection closed due to max retry attempts reached.
[W 260616 16:47:33 smartWebSocketV2:342] Connection closed due to max retry attempts reached.
[W 260616 16:47:33 smartWebSocketV2:342] Connection closed due to max retry attempts reached.
[I 260616 16:47:33 smartConnect:124] in pool
[W 260616 16:47:34 smartWebSocketV2:318] Attempting to resubscribe/reconnect (Attempt 1)...
[W 260616 16:47:45 smartWebSocketV2:342] Connection closed due to max retry attempts reached.
[W 260616 16:47:45 smartWebSocketV2:342] Connection closed due to max retry attempts reached.
[W 260616 16:47:45 smartWebSocketV2:342] Connection closed due to max retry attempts reached.
[W 260616 16:47:45 smartWebSocketV2:342] Connection closed due to max retry attempts reached.
[W 260616 16:47:45 smartWebSocketV2:342] Connection closed due to max retry attempts reached.
[I 260616 16:47:45 smartConnect:124] in pool
[W 260616 16:47:46 smartWebSocketV2:318] Attempting to resubscribe/reconnect (Attempt 1)...
[W 260616 16:47:57 smartWebSocketV2:342] Connection closed due to max retry attempts reached.
[W 260616 16:47:57 smartWebSocketV2:342] Connection closed due to max retry attempts reached.
[W 260616 16:47:57 smartWebSocketV2:342] Connection closed due to max retry attempts reached.
[W 260616 16:47:57 smartWebSocketV2:342] Connection closed due to max retry attempts reached.
[W 260616 16:47:57 smartWebSocketV2:342] Connection closed due to max retry attempts reached.
[I 260616 16:47:57 smartConnect:124] in pool
[W 260616 16:47:58 smartWebSocketV2:318] Attempting to resubscribe/reconnect (Attempt 1)...
[W 260616 16:48:09 smartWebSocketV2:342] Connection closed due to max retry attempts reached.
[W 260616 16:48:09 smartWebSocketV2:342] Connection closed due to max retry attempts reached.
[W 260616 16:48:09 smartWebSocketV2:342] Connection closed due to max retry attempts reached.
[W 260616 16:48:09 smartWebSocketV2:342] Connection closed due to max retry attempts reached.
[W 260616 16:48:09 smartWebSocketV2:342] Connection closed due to max retry attempts reached.
[I 260616 16:48:09 smartConnect:124] in pool
[W 260616 16:48:10 smartWebSocketV2:318] Attempting to resubscribe/reconnect (Attempt 1)...
[W 260616 16:48:20 smartWebSocketV2:342] Connection closed due to max retry attempts reached.
[W 260616 16:48:20 smartWebSocketV2:342] Connection closed due to max retry attempts reached.
[W 260616 16:48:20 smartWebSocketV2:342] Connection closed due to max retry attempts reached.
[W 260616 16:48:20 smartWebSocketV2:342] Connection closed due to max retry attempts reached.
[W 260616 16:48:20 smartWebSocketV2:342] Connection closed due to max retry attempts reached.
[I 260616 16:48:20 smartConnect:124] in pool
[W 260616 16:48:21 smartWebSocketV2:318] Attempting to resubscribe/reconnect (Attempt 1)...
[W 260616 16:48:32 smartWebSocketV2:342] Connection closed due to max retry attempts reached.
[W 260616 16:48:32 smartWebSocketV2:342] Connection closed due to max retry attempts reached.
[W 260616 16:48:32 smartWebSocketV2:342] Connection closed due to max retry attempts reached.
[W 260616 16:48:32 smartWebSocketV2:342] Connection closed due to max retry attempts reached.
[W 260616 16:48:32 smartWebSocketV2:342] Connection closed due to max retry attempts reached.
[I 260616 16:48:32 smartConnect:124] in pool
[W 260616 16:48:33 smartWebSocketV2:318] Attempting to resubscribe/reconnect (Attempt 1)...
[W 260616 16:48:44 smartWebSocketV2:342] Connection closed due to max retry attempts reached.
[W 260616 16:48:44 smartWebSocketV2:342] Connection closed due to max retry attempts reached.
[W 260616 16:48:44 smartWebSocketV2:342] Connection closed due to max retry attempts reached.
[W 260616 16:48:44 smartWebSocketV2:342] Connection closed due to max retry attempts reached.
[W 260616 16:48:44 smartWebSocketV2:342] Connection closed due to max retry attempts reached.
[I 260616 16:48:44 smartConnect:124] in pool
[E 260616 16:48:52 smartConnect:221] Error occurred while making a POST request to https://apiconnect.angelone.in/rest/auth/angelbroking/user/v1/loginByPassword. Headers: {'Content-type': 'application/json', 'X-ClientLocalIP': '127.0.0.1', 'X-ClientPublicIP': '106.193.147.98', 'X-MACAddress': '50:81:40:82:08:90', 'Accept': 'application/json', 'X-PrivateKey': 'MBzlUEsS', 'X-UserType': 'USER', 'X-SourceID': 'WEB'}, Request: {'clientcode': 'R993848', 'password': '2103', 'totp': '261796'}, Response: HTTPSConnectionPool(host='apiconnect.angelone.in', port=443): Read timed out. (read timeout=7)
[W 260616 16:48:58 smartWebSocketV2:318] Attempting to resubscribe/reconnect (Attempt 1)...
[W 260616 16:49:09 smartWebSocketV2:342] Connection closed due to max retry attempts reached.
[W 260616 16:49:09 smartWebSocketV2:342] Connection closed due to max retry attempts reached.
[W 260616 16:49:09 smartWebSocketV2:342] Connection closed due to max retry attempts reached.
[W 260616 16:49:09 smartWebSocketV2:342] Connection closed due to max retry attempts reached.
[W 260616 16:49:09 smartWebSocketV2:342] Connection closed due to max retry attempts reached.
[I 260616 16:49:09 smartConnect:124] in pool
[W 260616 16:49:10 smartWebSocketV2:318] Attempting to resubscribe/reconnect (Attempt 1)...
[W 260616 16:49:21 smartWebSocketV2:342] Connection closed due to max retry attempts reached.
[W 260616 16:49:21 smartWebSocketV2:342] Connection closed due to max retry attempts reached.
[W 260616 16:49:21 smartWebSocketV2:342] Connection closed due to max retry attempts reached.
[W 260616 16:49:21 smartWebSocketV2:342] Connection closed due to max retry attempts reached.
[W 260616 16:49:21 smartWebSocketV2:342] Connection closed due to max retry attempts reached.
[I 260616 16:49:21 smartConnect:124] in pool
[W 260616 16:49:22 smartWebSocketV2:318] Attempting to resubscribe/reconnect (Attempt 1)...
[W 260616 16:49:32 smartWebSocketV2:342] Connection closed due to max retry attempts reached.
[W 260616 16:49:32 smartWebSocketV2:342] Connection closed due to max retry attempts reached.
[W 260616 16:49:32 smartWebSocketV2:342] Connection closed due to max retry attempts reached.
[W 260616 16:49:32 smartWebSocketV2:342] Connection closed due to max retry attempts reached.
[W 260616 16:49:32 smartWebSocketV2:342] Connection closed due to max retry attempts reached.
[I 260616 16:49:32 smartConnect:124] in pool
[W 260616 16:49:34 smartWebSocketV2:318] Attempting to resubscribe/reconnect (Attempt 1)...
[W 260616 16:49:44 smartWebSocketV2:342] Connection closed due to max retry attempts reached.
[W 260616 16:49:44 smartWebSocketV2:342] Connection closed due to max retry attempts reached.
[W 260616 16:49:44 smartWebSocketV2:342] Connection closed due to max retry attempts reached.
[W 260616 16:49:44 smartWebSocketV2:342] Connection closed due to max retry attempts reached.
[W 260616 16:49:44 smartWebSocketV2:342] Connection closed due to max retry attempts reached.
[I 260616 16:49:44 smartConnect:124] in pool
[W 260616 16:49:45 smartWebSocketV2:318] Attempting to resubscribe/reconnect (Attempt 1)...
[W 260616 16:49:56 smartWebSocketV2:342] Connection closed due to max retry attempts reached.
[W 260616 16:49:56 smartWebSocketV2:342] Connection closed due to max retry attempts reached.
[W 260616 16:49:56 smartWebSocketV2:342] Connection closed due to max retry attempts reached.
[W 260616 16:49:56 smartWebSocketV2:342] Connection closed due to max retry attempts reached.
[W 260616 16:49:56 smartWebSocketV2:342] Connection closed due to max retry attempts reached.
[I 260616 16:49:56 smartConnect:124] in pool
[W 260616 16:49:57 smartWebSocketV2:318] Attempting to resubscribe/reconnect (Attempt 1)...
[W 260616 16:50:08 smartWebSocketV2:342] Connection closed due to max retry attempts reached.
[W 260616 16:50:08 smartWebSocketV2:342] Connection closed due to max retry attempts reached.
[W 260616 16:50:08 smartWebSocketV2:342] Connection closed due to max retry attempts reached.
[W 260616 16:50:08 smartWebSocketV2:342] Connection closed due to max retry attempts reached.
[W 260616 16:50:08 smartWebSocketV2:342] Connection closed due to max retry attempts reached.
[I 260616 16:50:08 smartConnect:124] in pool
[W 260616 16:50:09 smartWebSocketV2:318] Attempting to resubscribe/reconnect (Attempt 1)...
[W 260616 16:50:20 smartWebSocketV2:342] Connection closed due to max retry attempts reached.
[W 260616 16:50:20 smartWebSocketV2:342] Connection closed due to max retry attempts reached.
[W 260616 16:50:20 smartWebSocketV2:342] Connection closed due to max retry attempts reached.
[W 260616 16:50:20 smartWebSocketV2:342] Connection closed due to max retry attempts reached.
[W 260616 16:50:20 smartWebSocketV2:342] Connection closed due to max retry attempts reached.
[I 260616 16:50:20 smartConnect:124] in pool
[W 260616 16:50:21 smartWebSocketV2:318] Attempting to resubscribe/reconnect (Attempt 1)...
[W 260616 16:50:32 smartWebSocketV2:342] Connection closed due to max retry attempts reached.
[W 260616 16:50:32 smartWebSocketV2:342] Connection closed due to max retry attempts reached.
[W 260616 16:50:32 smartWebSocketV2:342] Connection closed due to max retry attempts reached.
[W 260616 16:50:32 smartWebSocketV2:342] Connection closed due to max retry attempts reached.
[W 260616 16:50:32 smartWebSocketV2:342] Connection closed due to max retry attempts reached.
[I 260616 16:50:32 smartConnect:124] in pool
[W 260616 16:50:33 smartWebSocketV2:318] Attempting to resubscribe/reconnect (Attempt 1)...
[W 260616 16:50:43 smartWebSocketV2:342] Connection closed due to max retry attempts reached.
[W 260616 16:50:43 smartWebSocketV2:342] Connection closed due to max retry attempts reached.
[W 260616 16:50:43 smartWebSocketV2:342] Connection closed due to max retry attempts reached.
[W 260616 16:50:43 smartWebSocketV2:342] Connection closed due to max retry attempts reached.
[W 260616 16:50:43 smartWebSocketV2:342] Connection closed due to max retry attempts reached.
[I 260616 16:50:43 smartConnect:124] in pool
[W 260616 16:50:44 smartWebSocketV2:318] Attempting to resubscribe/reconnect (Attempt 1)...
[W 260616 16:50:55 smartWebSocketV2:342] Connection closed due to max retry attempts reached.
[W 260616 16:50:55 smartWebSocketV2:342] Connection closed due to max retry attempts reached.
[W 260616 16:50:55 smartWebSocketV2:342] Connection closed due to max retry attempts reached.
[W 260616 16:50:55 smartWebSocketV2:342] Connection closed due to max retry attempts reached.
[W 260616 16:50:55 smartWebSocketV2:342] Connection closed due to max retry attempts reached.
[I 260616 16:50:55 smartConnect:124] in pool
[W 260616 16:50:57 smartWebSocketV2:318] Attempting to resubscribe/reconnect (Attempt 1)...
[W 260616 16:51:07 smartWebSocketV2:342] Connection closed due to max retry attempts reached.
[W 260616 16:51:07 smartWebSocketV2:342] Connection closed due to max retry attempts reached.
[W 260616 16:51:07 smartWebSocketV2:342] Connection closed due to max retry attempts reached.
[W 260616 16:51:07 smartWebSocketV2:342] Connection closed due to max retry attempts reached.
[W 260616 16:51:07 smartWebSocketV2:342] Connection closed due to max retry attempts reached.
[I 260616 16:51:07 smartConnect:124] in pool
[W 260616 16:51:14 smartWebSocketV2:318] Attempting to resubscribe/reconnect (Attempt 1)...
[W 260616 16:51:25 smartWebSocketV2:342] Connection closed due to max retry attempts reached.
[W 260616 16:51:25 smartWebSocketV2:342] Connection closed due to max retry attempts reached.
[W 260616 16:51:25 smartWebSocketV2:342] Connection closed due to max retry attempts reached.
[W 260616 16:51:25 smartWebSocketV2:342] Connection closed due to max retry attempts reached.
[W 260616 16:51:25 smartWebSocketV2:342] Connection closed due to max retry attempts reached.
[I 260616 16:51:25 smartConnect:124] in pool
[W 260616 16:51:26 smartWebSocketV2:318] Attempting to resubscribe/reconnect (Attempt 1)...
[W 260616 16:51:34 smartWebSocketV2:342] Connection closed due to max retry attempts reached.
[W 260616 16:51:34 smartWebSocketV2:342] Connection closed due to max retry attempts reached.
[I 260616 16:51:34 smartConnect:124] in pool
[W 260616 16:51:35 smartWebSocketV2:318] Attempting to resubscribe/reconnect (Attempt 1)...
[W 260616 16:51:37 smartWebSocketV2:342] Connection closed due to max retry attempts reached.
[W 260616 16:51:37 smartWebSocketV2:342] Connection closed due to max retry attempts reached.
[I 260616 16:51:37 smartConnect:124] in pool
[W 260616 16:51:38 smartWebSocketV2:318] Attempting to resubscribe/reconnect (Attempt 1)...
[W 260616 16:51:38 smartWebSocketV2:342] Connection closed due to max retry attempts reached.
[W 260616 16:51:38 smartWebSocketV2:342] Connection closed due to max retry attempts reached.
[I 260616 16:51:38 smartConnect:124] in pool
[W 260616 16:51:50 smartWebSocketV2:318] Attempting to resubscribe/reconnect (Attempt 1)...
[I 260616 16:52:01 smartConnect:124] in pool
[W 260616 16:52:02 smartWebSocketV2:318] Attempting to resubscribe/reconnect (Attempt 1)...
[W 260616 16:52:12 smartWebSocketV2:342] Connection closed due to max retry attempts reached.
[W 260616 16:52:12 smartWebSocketV2:342] Connection closed due to max retry attempts reached.
[W 260616 16:52:12 smartWebSocketV2:342] Connection closed due to max retry attempts reached.
[W 260616 16:52:12 smartWebSocketV2:342] Connection closed due to max retry attempts reached.
[W 260616 16:52:12 smartWebSocketV2:342] Connection closed due to max retry attempts reached.
[I 260616 16:52:12 smartConnect:124] in pool
[W 260616 16:52:14 smartWebSocketV2:318] Attempting to resubscribe/reconnect (Attempt 1)...
[W 260616 16:52:24 smartWebSocketV2:342] Connection closed due to max retry attempts reached.
[W 260616 16:52:24 smartWebSocketV2:342] Connection closed due to max retry attempts reached.
[W 260616 16:52:24 smartWebSocketV2:342] Connection closed due to max retry attempts reached.
[W 260616 16:52:24 smartWebSocketV2:342] Connection closed due to max retry attempts reached.
[W 260616 16:52:24 smartWebSocketV2:342] Connection closed due to max retry attempts reached.
[I 260616 16:52:24 smartConnect:124] in pool
[W 260616 16:52:26 smartWebSocketV2:318] Attempting to resubscribe/reconnect (Attempt 1)...
[W 260616 16:52:36 smartWebSocketV2:342] Connection closed due to max retry attempts reached.
[W 260616 16:52:36 smartWebSocketV2:342] Connection closed due to max retry attempts reached.
[W 260616 16:52:36 smartWebSocketV2:342] Connection closed due to max retry attempts reached.
[W 260616 16:52:36 smartWebSocketV2:342] Connection closed due to max retry attempts reached.
[W 260616 16:52:36 smartWebSocketV2:342] Connection closed due to max retry attempts reached.
[I 260616 16:52:36 smartConnect:124] in pool
[W 260616 16:52:38 smartWebSocketV2:318] Attempting to resubscribe/reconnect (Attempt 1)...
[W 260616 16:52:50 smartWebSocketV2:342] Connection closed due to max retry attempts reached.
[W 260616 16:52:50 smartWebSocketV2:342] Connection closed due to max retry attempts reached.
[W 260616 16:52:50 smartWebSocketV2:342] Connection closed due to max retry attempts reached.
[W 260616 16:52:50 smartWebSocketV2:342] Connection closed due to max retry attempts reached.
[W 260616 16:52:50 smartWebSocketV2:342] Connection closed due to max retry attempts reached.
[I 260616 16:52:50 smartConnect:124] in pool
[W 260616 16:52:51 smartWebSocketV2:318] Attempting to resubscribe/reconnect (Attempt 1)...
[W 260616 16:53:01 smartWebSocketV2:342] Connection closed due to max retry attempts reached.
[W 260616 16:53:01 smartWebSocketV2:342] Connection closed due to max retry attempts reached.
[W 260616 16:53:01 smartWebSocketV2:342] Connection closed due to max retry attempts reached.
[W 260616 16:53:01 smartWebSocketV2:342] Connection closed due to max retry attempts reached.
[W 260616 16:53:01 smartWebSocketV2:342] Connection closed due to max retry attempts reached.
[I 260616 16:53:01 smartConnect:124] in pool
[W 260616 16:53:02 smartWebSocketV2:318] Attempting to resubscribe/reconnect (Attempt 1)...
[W 260616 16:53:13 smartWebSocketV2:342] Connection closed due to max retry attempts reached.
[W 260616 16:53:13 smartWebSocketV2:342] Connection closed due to max retry attempts reached.
[W 260616 16:53:13 smartWebSocketV2:342] Connection closed due to max retry attempts reached.
[W 260616 16:53:13 smartWebSocketV2:342] Connection closed due to max retry attempts reached.
[W 260616 16:53:13 smartWebSocketV2:342] Connection closed due to max retry attempts reached.
[I 260616 16:53:13 smartConnect:124] in pool
[W 260616 16:53:14 smartWebSocketV2:318] Attempting to resubscribe/reconnect (Attempt 1)...
[W 260616 16:53:15 smartWebSocketV2:342] Connection closed due to max retry attempts reached.
[W 260616 16:53:15 smartWebSocketV2:342] Connection closed due to max retry attempts reached.
[I 260616 16:53:15 smartConnect:124] in pool
[W 260616 16:53:17 smartWebSocketV2:318] Attempting to resubscribe/reconnect (Attempt 1)...
[W 260616 16:53:20 smartWebSocketV2:342] Connection closed due to max retry attempts reached.
[W 260616 16:53:20 smartWebSocketV2:342] Connection closed due to max retry attempts reached.
[I 260616 16:53:20 smartConnect:124] in pool
[W 260616 17:00:42 smartWebSocketV2:318] Attempting to resubscribe/reconnect (Attempt 1)...
[I 260616 17:00:53 smartConnect:124] in pool
[W 260616 17:00:54 smartWebSocketV2:318] Attempting to resubscribe/reconnect (Attempt 1)...
[W 260616 17:01:05 smartWebSocketV2:342] Connection closed due to max retry attempts reached.
[W 260616 17:01:05 smartWebSocketV2:342] Connection closed due to max retry attempts reached.
[W 260616 17:01:05 smartWebSocketV2:342] Connection closed due to max retry attempts reached.
[W 260616 17:01:05 smartWebSocketV2:342] Connection closed due to max retry attempts reached.
[W 260616 17:01:05 smartWebSocketV2:342] Connection closed due to max retry attempts reached.
[I 260616 17:01:05 smartConnect:124] in pool
[W 260616 17:01:08 smartWebSocketV2:318] Attempting to resubscribe/reconnect (Attempt 1)...
[W 260616 17:01:18 smartWebSocketV2:342] Connection closed due to max retry attempts reached.
[W 260616 17:01:18 smartWebSocketV2:342] Connection closed due to max retry attempts reached.
[W 260616 17:01:18 smartWebSocketV2:342] Connection closed due to max retry attempts reached.
[W 260616 17:01:18 smartWebSocketV2:342] Connection closed due to max retry attempts reached.
[W 260616 17:01:18 smartWebSocketV2:342] Connection closed due to max retry attempts reached.
[I 260616 17:01:18 smartConnect:124] in pool
[W 260616 17:01:20 smartWebSocketV2:318] Attempting to resubscribe/reconnect (Attempt 1)...
[W 260616 17:01:30 smartWebSocketV2:342] Connection closed due to max retry attempts reached.
[W 260616 17:01:30 smartWebSocketV2:342] Connection closed due to max retry attempts reached.
[W 260616 17:01:30 smartWebSocketV2:342] Connection closed due to max retry attempts reached.
[W 260616 17:01:30 smartWebSocketV2:342] Connection closed due to max retry attempts reached.
[W 260616 17:01:30 smartWebSocketV2:342] Connection closed due to max retry attempts reached.
[I 260616 17:01:30 smartConnect:124] in pool
[W 260616 17:01:31 smartWebSocketV2:318] Attempting to resubscribe/reconnect (Attempt 1)...
[W 260616 17:01:42 smartWebSocketV2:342] Connection closed due to max retry attempts reached.
[W 260616 17:01:42 smartWebSocketV2:342] Connection closed due to max retry attempts reached.
[W 260616 17:01:42 smartWebSocketV2:342] Connection closed due to max retry attempts reached.
[W 260616 17:01:42 smartWebSocketV2:342] Connection closed due to max retry attempts reached.
[W 260616 17:01:42 smartWebSocketV2:342] Connection closed due to max retry attempts reached.
[I 260616 17:01:42 smartConnect:124] in pool
[W 260616 17:01:43 smartWebSocketV2:318] Attempting to resubscribe/reconnect (Attempt 1)...
[W 260616 17:01:54 smartWebSocketV2:342] Connection closed due to max retry attempts reached.
[W 260616 17:01:54 smartWebSocketV2:342] Connection closed due to max retry attempts reached.
[W 260616 17:01:54 smartWebSocketV2:342] Connection closed due to max retry attempts reached.
[W 260616 17:01:54 smartWebSocketV2:342] Connection closed due to max retry attempts reached.
[W 260616 17:01:54 smartWebSocketV2:342] Connection closed due to max retry attempts reached.
[I 260616 17:01:54 smartConnect:124] in pool
[W 260616 17:01:56 smartWebSocketV2:318] Attempting to resubscribe/reconnect (Attempt 1)...
[W 260616 17:02:06 smartWebSocketV2:342] Connection closed due to max retry attempts reached.
[W 260616 17:02:06 smartWebSocketV2:342] Connection closed due to max retry attempts reached.
[W 260616 17:02:06 smartWebSocketV2:342] Connection closed due to max retry attempts reached.
[W 260616 17:02:06 smartWebSocketV2:342] Connection closed due to max retry attempts reached.
[W 260616 17:02:06 smartWebSocketV2:342] Connection closed due to max retry attempts reached.
[I 260616 17:02:06 smartConnect:124] in pool
[W 260616 17:02:07 smartWebSocketV2:318] Attempting to resubscribe/reconnect (Attempt 1)...
[W 260616 17:02:18 smartWebSocketV2:342] Connection closed due to max retry attempts reached.
[W 260616 17:02:18 smartWebSocketV2:342] Connection closed due to max retry attempts reached.
[W 260616 17:02:18 smartWebSocketV2:342] Connection closed due to max retry attempts reached.
[W 260616 17:02:18 smartWebSocketV2:342] Connection closed due to max retry attempts reached.
[W 260616 17:02:18 smartWebSocketV2:342] Connection closed due to max retry attempts reached.
[I 260616 17:02:18 smartConnect:124] in pool
[W 260616 17:02:19 smartWebSocketV2:318] Attempting to resubscribe/reconnect (Attempt 1)...
[W 260616 17:02:30 smartWebSocketV2:342] Connection closed due to max retry attempts reached.
[W 260616 17:02:30 smartWebSocketV2:342] Connection closed due to max retry attempts reached.
[W 260616 17:02:30 smartWebSocketV2:342] Connection closed due to max retry attempts reached.
[W 260616 17:02:30 smartWebSocketV2:342] Connection closed due to max retry attempts reached.
[W 260616 17:02:30 smartWebSocketV2:342] Connection closed due to max retry attempts reached.
[I 260616 17:02:30 smartConnect:124] in pool
[W 260616 17:02:31 smartWebSocketV2:318] Attempting to resubscribe/reconnect (Attempt 1)...
[W 260616 17:02:47 smartWebSocketV2:342] Connection closed due to max retry attempts reached.
[W 260616 17:02:47 smartWebSocketV2:342] Connection closed due to max retry attempts reached.
[W 260616 17:02:47 smartWebSocketV2:342] Connection closed due to max retry attempts reached.
[W 260616 17:02:47 smartWebSocketV2:342] Connection closed due to max retry attempts reached.
[W 260616 17:02:47 smartWebSocketV2:342] Connection closed due to max retry attempts reached.
[I 260616 17:02:47 smartConnect:124] in pool
[W 260616 17:02:48 smartWebSocketV2:318] Attempting to resubscribe/reconnect (Attempt 1)...
[W 260616 17:02:59 smartWebSocketV2:342] Connection closed due to max retry attempts reached.
[W 260616 17:02:59 smartWebSocketV2:342] Connection closed due to max retry attempts reached.
[W 260616 17:02:59 smartWebSocketV2:342] Connection closed due to max retry attempts reached.
[W 260616 17:02:59 smartWebSocketV2:342] Connection closed due to max retry attempts reached.
[W 260616 17:02:59 smartWebSocketV2:342] Connection closed due to max retry attempts reached.
[I 260616 17:02:59 smartConnect:124] in pool
[W 260616 17:03:01 smartWebSocketV2:318] Attempting to resubscribe/reconnect (Attempt 1)...
[W 260616 17:03:12 smartWebSocketV2:342] Connection closed due to max retry attempts reached.
[W 260616 17:03:12 smartWebSocketV2:342] Connection closed due to max retry attempts reached.
[W 260616 17:03:12 smartWebSocketV2:342] Connection closed due to max retry attempts reached.
[W 260616 17:03:12 smartWebSocketV2:342] Connection closed due to max retry attempts reached.
[W 260616 17:03:12 smartWebSocketV2:342] Connection closed due to max retry attempts reached.
[I 260616 17:03:12 smartConnect:124] in pool
[W 260616 17:03:13 smartWebSocketV2:318] Attempting to resubscribe/reconnect (Attempt 1)...
[W 260616 17:03:23 smartWebSocketV2:342] Connection closed due to max retry attempts reached.
[W 260616 17:03:23 smartWebSocketV2:342] Connection closed due to max retry attempts reached.
[I 260616 17:03:23 smartConnect:124] in pool
[W 260616 17:03:25 smartWebSocketV2:318] Attempting to resubscribe/reconnect (Attempt 1)...
[W 260616 17:03:34 smartWebSocketV2:342] Connection closed due to max retry attempts reached.
[W 260616 17:03:34 smartWebSocketV2:342] Connection closed due to max retry attempts reached.
[I 260616 17:03:34 smartConnect:124] in pool
[W 260616 17:05:00 smartWebSocketV2:318] Attempting to resubscribe/reconnect (Attempt 1)...
[E 260616 17:05:11 smartWebSocketV2:303] Error occurred during WebSocket connection: SmartWebSocketV2.on_error() takes 1 positional argument but 3 were given
[E 260616 17:05:11 smartWebSocketV2:332] Error occurred during resubscribe/reconnect: SmartWebSocketV2.on_error() takes 1 positional argument but 3 were given
[E 260616 17:05:11 smartWebSocketV2:303] Error occurred during WebSocket connection: SmartWebSocketV2.on_error() takes 1 positional argument but 3 were given
[W 260616 18:03:35 smartWebSocketV2:318] Attempting to resubscribe/reconnect (Attempt 1)...
[W 260616 18:04:05 smartWebSocketV2:342] Connection closed due to max retry attempts reached.
[W 260616 18:04:05 smartWebSocketV2:342] Connection closed due to max retry attempts reached.
[W 260616 18:04:05 smartWebSocketV2:342] Connection closed due to max retry attempts reached.
[I 260616 18:04:05 smartConnect:124] in pool
[W 260616 18:04:13 smartWebSocketV2:318] Attempting to resubscribe/reconnect (Attempt 1)...
[W 260616 18:04:13 smartWebSocketV2:342] Connection closed due to max retry attempts reached.
[I 260616 18:04:13 smartConnect:124] in pool
[W 260616 18:12:17 smartWebSocketV2:318] Attempting to resubscribe/reconnect (Attempt 1)...
[W 260616 18:12:18 smartWebSocketV2:342] Connection closed due to max retry attempts reached.
[I 260616 18:12:18 smartConnect:124] in pool
